Analysis & Synthesis report for SkeeballFinal
Wed Mar 22 16:32:35 2023
Quartus Prime Version 21.1.1 Build 850 06/23/2022 SJ Standard Edition


---------------------
; Table of Contents ;
---------------------
  1. Legal Notice
  2. Analysis & Synthesis Summary
  3. Analysis & Synthesis Settings
  4. Parallel Compilation
  5. Analysis & Synthesis Source Files Read
  6. Analysis & Synthesis Resource Usage Summary
  7. Analysis & Synthesis Resource Utilization by Entity
  8. State Machine - |SkeeballFinal|highforfive:inst15|myCount5:countforfive|laststate
  9. State Machine - |SkeeballFinal|highforfive:inst15|myCount5:countforfive|pstate
 10. State Machine - |SkeeballFinal|clk50MHzto1Hz:inst13|my_MOD10:div10_7|pstate
 11. State Machine - |SkeeballFinal|clk50MHzto1Hz:inst13|my_MOD10:div10_6|pstate
 12. State Machine - |SkeeballFinal|clk50MHzto1Hz:inst13|my_MOD10:div10_5|pstate
 13. State Machine - |SkeeballFinal|clk50MHzto1Hz:inst13|my_MOD10:div10_4|pstate
 14. State Machine - |SkeeballFinal|clk50MHzto1Hz:inst13|my_MOD10:div10_3|pstate
 15. State Machine - |SkeeballFinal|clk50MHzto1Hz:inst13|my_MOD10:div10_2|pstate
 16. State Machine - |SkeeballFinal|clk50MHzto1Hz:inst13|my_MOD10:div10_1|pstate
 17. State Machine - |SkeeballFinal|clk50MHzto1Hz:inst13|my_MOD5:div5_1|pstate
 18. State Machine - |SkeeballFinal|highforfive:inst14|myCount5:countforfive|laststate
 19. State Machine - |SkeeballFinal|highforfive:inst14|myCount5:countforfive|pstate
 20. Registers Removed During Synthesis
 21. General Register Statistics
 22. Inverted Register Statistics
 23. Parameter Settings for User Entity Instance: highforfive:inst14|myCount5:countforfive
 24. Parameter Settings for User Entity Instance: clk50MHzto1Hz:inst13|my_MOD5:div5_1
 25. Parameter Settings for User Entity Instance: clk50MHzto1Hz:inst13|my_MOD10:div10_1
 26. Parameter Settings for User Entity Instance: clk50MHzto1Hz:inst13|my_MOD10:div10_2
 27. Parameter Settings for User Entity Instance: clk50MHzto1Hz:inst13|my_MOD10:div10_3
 28. Parameter Settings for User Entity Instance: clk50MHzto1Hz:inst13|my_MOD10:div10_4
 29. Parameter Settings for User Entity Instance: clk50MHzto1Hz:inst13|my_MOD10:div10_5
 30. Parameter Settings for User Entity Instance: clk50MHzto1Hz:inst13|my_MOD10:div10_6
 31. Parameter Settings for User Entity Instance: clk50MHzto1Hz:inst13|my_MOD10:div10_7
 32. Parameter Settings for User Entity Instance: highforfive:inst15|myCount5:countforfive
 33. Parameter Settings for User Entity Instance: skeeballBalls:inst10
 34. Post-Synthesis Netlist Statistics for Top Partition
 35. Elapsed Time Per Partition
 36. Analysis & Synthesis Messages



----------------
; Legal Notice ;
----------------
Copyright (C) 2022  Intel Corporation. All rights reserved.
Your use of Intel Corporation's design tools, logic functions 
and other software and tools, and any partner logic 
functions, and any output files from any of the foregoing 
(including device programming or simulation files), and any 
associated documentation or information are expressly subject 
to the terms and conditions of the Intel Program License 
Subscription Agreement, the Intel Quartus Prime License Agreement,
the Intel FPGA IP License Agreement, or other applicable license
agreement, including, without limitation, that your use is for
the sole purpose of programming logic devices manufactured by
Intel and sold by Intel or its authorized distributors.  Please
refer to the applicable agreement for further details, at
https://fpgasoftware.intel.com/eula.



+-----------------------------------------------------------------------------------+
; Analysis & Synthesis Summary                                                      ;
+---------------------------------+-------------------------------------------------+
; Analysis & Synthesis Status     ; Successful - Wed Mar 22 16:32:35 2023           ;
; Quartus Prime Version           ; 21.1.1 Build 850 06/23/2022 SJ Standard Edition ;
; Revision Name                   ; SkeeballFinal                                   ;
; Top-level Entity Name           ; SkeeballFinal                                   ;
; Family                          ; Cyclone V                                       ;
; Logic utilization (in ALMs)     ; N/A                                             ;
; Total registers                 ; 102                                             ;
; Total pins                      ; 24                                              ;
; Total virtual pins              ; 0                                               ;
; Total block memory bits         ; 0                                               ;
; Total DSP Blocks                ; 0                                               ;
; Total HSSI RX PCSs              ; 0                                               ;
; Total HSSI PMA RX Deserializers ; 0                                               ;
; Total HSSI TX PCSs              ; 0                                               ;
; Total HSSI PMA TX Serializers   ; 0                                               ;
; Total PLLs                      ; 0                                               ;
; Total DLLs                      ; 0                                               ;
+---------------------------------+-------------------------------------------------+


+---------------------------------------------------------------------------------------------------------------------------+
; Analysis & Synthesis Settings                                                                                             ;
+---------------------------------------------------------------------------------+--------------------+--------------------+
; Option                                                                          ; Setting            ; Default Value      ;
+---------------------------------------------------------------------------------+--------------------+--------------------+
; Device                                                                          ; 5CSEMA5F31C6       ;                    ;
; Top-level entity name                                                           ; SkeeballFinal      ; SkeeballFinal      ;
; Family name                                                                     ; Cyclone V          ; Cyclone V          ;
; Use smart compilation                                                           ; Off                ; Off                ;
; Enable parallel Assembler and Timing Analyzer during compilation                ; On                 ; On                 ;
; Enable compact report table                                                     ; Off                ; Off                ;
; Restructure Multiplexers                                                        ; Auto               ; Auto               ;
; MLAB Add Timing Constraints For Mixed-Port Feed-Through Mode Setting Don't Care ; Off                ; Off                ;
; Create Debugging Nodes for IP Cores                                             ; Off                ; Off                ;
; Preserve fewer node names                                                       ; On                 ; On                 ;
; Intel FPGA IP Evaluation Mode                                                   ; Enable             ; Enable             ;
; Verilog Version                                                                 ; Verilog_2001       ; Verilog_2001       ;
; VHDL Version                                                                    ; VHDL_1993          ; VHDL_1993          ;
; State Machine Processing                                                        ; Auto               ; Auto               ;
; Safe State Machine                                                              ; Off                ; Off                ;
; Extract Verilog State Machines                                                  ; On                 ; On                 ;
; Extract VHDL State Machines                                                     ; On                 ; On                 ;
; Ignore Verilog initial constructs                                               ; Off                ; Off                ;
; Iteration limit for constant Verilog loops                                      ; 5000               ; 5000               ;
; Iteration limit for non-constant Verilog loops                                  ; 250                ; 250                ;
; Add Pass-Through Logic to Inferred RAMs                                         ; On                 ; On                 ;
; Infer RAMs from Raw Logic                                                       ; On                 ; On                 ;
; Parallel Synthesis                                                              ; On                 ; On                 ;
; DSP Block Balancing                                                             ; Auto               ; Auto               ;
; NOT Gate Push-Back                                                              ; On                 ; On                 ;
; Power-Up Don't Care                                                             ; On                 ; On                 ;
; Remove Redundant Logic Cells                                                    ; Off                ; Off                ;
; Remove Duplicate Registers                                                      ; On                 ; On                 ;
; Ignore CARRY Buffers                                                            ; Off                ; Off                ;
; Ignore CASCADE Buffers                                                          ; Off                ; Off                ;
; Ignore GLOBAL Buffers                                                           ; Off                ; Off                ;
; Ignore ROW GLOBAL Buffers                                                       ; Off                ; Off                ;
; Ignore LCELL Buffers                                                            ; Off                ; Off                ;
; Ignore SOFT Buffers                                                             ; On                 ; On                 ;
; Limit AHDL Integers to 32 Bits                                                  ; Off                ; Off                ;
; Optimization Technique                                                          ; Balanced           ; Balanced           ;
; Carry Chain Length                                                              ; 70                 ; 70                 ;
; Auto Carry Chains                                                               ; On                 ; On                 ;
; Auto Open-Drain Pins                                                            ; On                 ; On                 ;
; Perform WYSIWYG Primitive Resynthesis                                           ; Off                ; Off                ;
; Auto ROM Replacement                                                            ; On                 ; On                 ;
; Auto RAM Replacement                                                            ; On                 ; On                 ;
; Auto DSP Block Replacement                                                      ; On                 ; On                 ;
; Auto Shift Register Replacement                                                 ; Auto               ; Auto               ;
; Allow Shift Register Merging across Hierarchies                                 ; Auto               ; Auto               ;
; Auto Clock Enable Replacement                                                   ; On                 ; On                 ;
; Strict RAM Replacement                                                          ; Off                ; Off                ;
; Allow Synchronous Control Signals                                               ; On                 ; On                 ;
; Force Use of Synchronous Clear Signals                                          ; Off                ; Off                ;
; Auto Resource Sharing                                                           ; Off                ; Off                ;
; Allow Any RAM Size For Recognition                                              ; Off                ; Off                ;
; Allow Any ROM Size For Recognition                                              ; Off                ; Off                ;
; Allow Any Shift Register Size For Recognition                                   ; Off                ; Off                ;
; Use LogicLock Constraints during Resource Balancing                             ; On                 ; On                 ;
; Ignore translate_off and synthesis_off directives                               ; Off                ; Off                ;
; Timing-Driven Synthesis                                                         ; On                 ; On                 ;
; Report Parameter Settings                                                       ; On                 ; On                 ;
; Report Source Assignments                                                       ; On                 ; On                 ;
; Report Connectivity Checks                                                      ; On                 ; On                 ;
; Ignore Maximum Fan-Out Assignments                                              ; Off                ; Off                ;
; Synchronization Register Chain Length                                           ; 3                  ; 3                  ;
; Power Optimization During Synthesis                                             ; Normal compilation ; Normal compilation ;
; HDL message level                                                               ; Level2             ; Level2             ;
; Suppress Register Optimization Related Messages                                 ; Off                ; Off                ;
; Number of Removed Registers Reported in Synthesis Report                        ; 5000               ; 5000               ;
; Number of Swept Nodes Reported in Synthesis Report                              ; 5000               ; 5000               ;
; Number of Inverted Registers Reported in Synthesis Report                       ; 100                ; 100                ;
; Clock MUX Protection                                                            ; On                 ; On                 ;
; Auto Gated Clock Conversion                                                     ; Off                ; Off                ;
; Block Design Naming                                                             ; Auto               ; Auto               ;
; SDC constraint protection                                                       ; Off                ; Off                ;
; Synthesis Effort                                                                ; Auto               ; Auto               ;
; Shift Register Replacement - Allow Asynchronous Clear Signal                    ; On                 ; On                 ;
; Pre-Mapping Resynthesis Optimization                                            ; Off                ; Off                ;
; Analysis & Synthesis Message Level                                              ; Medium             ; Medium             ;
; Disable Register Merging Across Hierarchies                                     ; Auto               ; Auto               ;
; Resource Aware Inference For Block RAM                                          ; On                 ; On                 ;
; Automatic Parallel Synthesis                                                    ; On                 ; On                 ;
; Partial Reconfiguration Bitstream ID                                            ; Off                ; Off                ;
+---------------------------------------------------------------------------------+--------------------+--------------------+


+------------------------------------------+
; Parallel Compilation                     ;
+----------------------------+-------------+
; Processors                 ; Number      ;
+----------------------------+-------------+
; Number detected on machine ; 8           ;
; Maximum allowed            ; 4           ;
;                            ;             ;
; Average used               ; 1.00        ;
; Maximum used               ; 4           ;
;                            ;             ;
; Usage by Processor         ; % Time Used ;
;     Processor 1            ; 100.0%      ;
;     Processors 2-4         ;   0.0%      ;
+----------------------------+-------------+


+--------------------------------------------------------------------------------------------------------------------------------------------------------------------------+
; Analysis & Synthesis Source Files Read                                                                                                                                   ;
+----------------------------------+-----------------+------------------------------------+----------------------------------------------------------------------+---------+
; File Name with User-Entered Path ; Used in Netlist ; File Type                          ; File Name with Absolute Path                                         ; Library ;
+----------------------------------+-----------------+------------------------------------+----------------------------------------------------------------------+---------+
; skeeballState.v                  ; yes             ; User Verilog HDL File              ; C:/Users/brhinman20/Documents/GitHub/SkeeballFinal/skeeballState.v   ;         ;
; SkeeballFinal.bdf                ; yes             ; User Block Diagram/Schematic File  ; C:/Users/brhinman20/Documents/GitHub/SkeeballFinal/SkeeballFinal.bdf ;         ;
; skeeballBalls.v                  ; yes             ; User Verilog HDL File              ; C:/Users/brhinman20/Documents/GitHub/SkeeballFinal/skeeballBalls.v   ;         ;
; skeeballTimers.v                 ; yes             ; User Verilog HDL File              ; C:/Users/brhinman20/Documents/GitHub/SkeeballFinal/skeeballTimers.v  ;         ;
+----------------------------------+-----------------+------------------------------------+----------------------------------------------------------------------+---------+


+-----------------------------------------------------------------------------+
; Analysis & Synthesis Resource Usage Summary                                 ;
+---------------------------------------------+-------------------------------+
; Resource                                    ; Usage                         ;
+---------------------------------------------+-------------------------------+
; Estimate of Logic utilization (ALMs needed) ; 59                            ;
;                                             ;                               ;
; Combinational ALUT usage for logic          ; 59                            ;
;     -- 7 input functions                    ; 0                             ;
;     -- 6 input functions                    ; 12                            ;
;     -- 5 input functions                    ; 5                             ;
;     -- 4 input functions                    ; 6                             ;
;     -- <=3 input functions                  ; 36                            ;
;                                             ;                               ;
; Dedicated logic registers                   ; 102                           ;
;                                             ;                               ;
; I/O pins                                    ; 24                            ;
;                                             ;                               ;
; Total DSP Blocks                            ; 0                             ;
;                                             ;                               ;
; Maximum fan-out node                        ; skeeballState:inst12|state[0] ;
; Maximum fan-out                             ; 16                            ;
; Total fan-out                               ; 431                           ;
; Average fan-out                             ; 2.06                          ;
+---------------------------------------------+-------------------------------+


+-----------------------------------------------------------------------------------------------------------------------------------------------------------------------------------------------------------------------------------------+
; Analysis & Synthesis Resource Utilization by Entity                                                                                                                                                                                     ;
+---------------------------------+---------------------+---------------------------+-------------------+------------+------+--------------+---------------------------------------------------------+---------------------+--------------+
; Compilation Hierarchy Node      ; Combinational ALUTs ; Dedicated Logic Registers ; Block Memory Bits ; DSP Blocks ; Pins ; Virtual Pins ; Full Hierarchy Name                                     ; Entity Name         ; Library Name ;
+---------------------------------+---------------------+---------------------------+-------------------+------------+------+--------------+---------------------------------------------------------+---------------------+--------------+
; |SkeeballFinal                  ; 59 (3)              ; 102 (0)                   ; 0                 ; 0          ; 24   ; 0            ; |SkeeballFinal                                          ; SkeeballFinal       ; work         ;
;    |clk50MHzto1Hz:inst13|       ; 16 (0)              ; 75 (0)                    ; 0                 ; 0          ; 0    ; 0            ; |SkeeballFinal|clk50MHzto1Hz:inst13                     ; clk50MHzto1Hz       ; work         ;
;       |my_MOD10:div10_1|        ; 2 (2)               ; 10 (10)                   ; 0                 ; 0          ; 0    ; 0            ; |SkeeballFinal|clk50MHzto1Hz:inst13|my_MOD10:div10_1    ; my_MOD10            ; work         ;
;       |my_MOD10:div10_2|        ; 2 (2)               ; 10 (10)                   ; 0                 ; 0          ; 0    ; 0            ; |SkeeballFinal|clk50MHzto1Hz:inst13|my_MOD10:div10_2    ; my_MOD10            ; work         ;
;       |my_MOD10:div10_3|        ; 2 (2)               ; 10 (10)                   ; 0                 ; 0          ; 0    ; 0            ; |SkeeballFinal|clk50MHzto1Hz:inst13|my_MOD10:div10_3    ; my_MOD10            ; work         ;
;       |my_MOD10:div10_4|        ; 2 (2)               ; 10 (10)                   ; 0                 ; 0          ; 0    ; 0            ; |SkeeballFinal|clk50MHzto1Hz:inst13|my_MOD10:div10_4    ; my_MOD10            ; work         ;
;       |my_MOD10:div10_5|        ; 2 (2)               ; 10 (10)                   ; 0                 ; 0          ; 0    ; 0            ; |SkeeballFinal|clk50MHzto1Hz:inst13|my_MOD10:div10_5    ; my_MOD10            ; work         ;
;       |my_MOD10:div10_6|        ; 2 (2)               ; 10 (10)                   ; 0                 ; 0          ; 0    ; 0            ; |SkeeballFinal|clk50MHzto1Hz:inst13|my_MOD10:div10_6    ; my_MOD10            ; work         ;
;       |my_MOD10:div10_7|        ; 2 (2)               ; 10 (10)                   ; 0                 ; 0          ; 0    ; 0            ; |SkeeballFinal|clk50MHzto1Hz:inst13|my_MOD10:div10_7    ; my_MOD10            ; work         ;
;       |my_MOD5:div5_1|          ; 2 (2)               ; 5 (5)                     ; 0                 ; 0          ; 0    ; 0            ; |SkeeballFinal|clk50MHzto1Hz:inst13|my_MOD5:div5_1      ; my_MOD5             ; work         ;
;    |highforfive:inst14|         ; 4 (1)               ; 8 (1)                     ; 0                 ; 0          ; 0    ; 0            ; |SkeeballFinal|highforfive:inst14                       ; highforfive         ; work         ;
;       |myCount5:countforfive|   ; 3 (3)               ; 7 (7)                     ; 0                 ; 0          ; 0    ; 0            ; |SkeeballFinal|highforfive:inst14|myCount5:countforfive ; myCount5            ; work         ;
;    |highforfive:inst15|         ; 4 (1)               ; 8 (1)                     ; 0                 ; 0          ; 0    ; 0            ; |SkeeballFinal|highforfive:inst15                       ; highforfive         ; work         ;
;       |myCount5:countforfive|   ; 3 (3)               ; 7 (7)                     ; 0                 ; 0          ; 0    ; 0            ; |SkeeballFinal|highforfive:inst15|myCount5:countforfive ; myCount5            ; work         ;
;    |skeeballBalls:inst10|       ; 26 (26)             ; 9 (9)                     ; 0                 ; 0          ; 0    ; 0            ; |SkeeballFinal|skeeballBalls:inst10                     ; skeeballBalls       ; work         ;
;    |skeeballState:inst12|       ; 2 (2)               ; 2 (2)                     ; 0                 ; 0          ; 0    ; 0            ; |SkeeballFinal|skeeballState:inst12                     ; skeeballState       ; work         ;
;    |skeeballStateDecode:inst11| ; 4 (4)               ; 0 (0)                     ; 0                 ; 0          ; 0    ; 0            ; |SkeeballFinal|skeeballStateDecode:inst11               ; skeeballStateDecode ; work         ;
+---------------------------------+---------------------+---------------------------+-------------------+------------+------+--------------+---------------------------------------------------------+---------------------+--------------+
Note: For table entries with two numbers listed, the numbers in parentheses indicate the number of resources of the given type used by the specific entity alone. The numbers listed outside of parentheses indicate the total resources of the given type used by the specific entity and all of its sub-entities in the hierarchy.


Encoding Type:  One-Hot
+--------------------------------------------------------------------------------------------------------+
; State Machine - |SkeeballFinal|highforfive:inst15|myCount5:countforfive|laststate                      ;
+--------------+--------------+--------------+--------------+--------------+--------------+--------------+
; Name         ; laststate.s5 ; laststate.s4 ; laststate.s3 ; laststate.s2 ; laststate.s1 ; laststate.s0 ;
+--------------+--------------+--------------+--------------+--------------+--------------+--------------+
; laststate.s0 ; 0            ; 0            ; 0            ; 0            ; 0            ; 0            ;
; laststate.s1 ; 0            ; 0            ; 0            ; 0            ; 1            ; 1            ;
; laststate.s2 ; 0            ; 0            ; 0            ; 1            ; 0            ; 1            ;
; laststate.s3 ; 0            ; 0            ; 1            ; 0            ; 0            ; 1            ;
; laststate.s4 ; 0            ; 1            ; 0            ; 0            ; 0            ; 1            ;
; laststate.s5 ; 1            ; 0            ; 0            ; 0            ; 0            ; 1            ;
+--------------+--------------+--------------+--------------+--------------+--------------+--------------+


Encoding Type:  One-Hot
+-----------------------------------------------------------------------------------+
; State Machine - |SkeeballFinal|highforfive:inst15|myCount5:countforfive|pstate    ;
+-----------+-----------+-----------+-----------+-----------+-----------+-----------+
; Name      ; pstate.s5 ; pstate.s4 ; pstate.s3 ; pstate.s2 ; pstate.s1 ; pstate.s0 ;
+-----------+-----------+-----------+-----------+-----------+-----------+-----------+
; pstate.s0 ; 0         ; 0         ; 0         ; 0         ; 0         ; 0         ;
; pstate.s1 ; 0         ; 0         ; 0         ; 0         ; 1         ; 1         ;
; pstate.s2 ; 0         ; 0         ; 0         ; 1         ; 0         ; 1         ;
; pstate.s3 ; 0         ; 0         ; 1         ; 0         ; 0         ; 1         ;
; pstate.s4 ; 0         ; 1         ; 0         ; 0         ; 0         ; 1         ;
; pstate.s5 ; 1         ; 0         ; 0         ; 0         ; 0         ; 1         ;
+-----------+-----------+-----------+-----------+-----------+-----------+-----------+


Encoding Type:  One-Hot
+------------------------------------------------------------------------------------------------------------------------+
; State Machine - |SkeeballFinal|clk50MHzto1Hz:inst13|my_MOD10:div10_7|pstate                                            ;
+----------+----------+----------+----------+----------+----------+----------+----------+----------+----------+----------+
; Name     ; pstate.J ; pstate.I ; pstate.H ; pstate.E ; pstate.F ; pstate.G ; pstate.C ; pstate.D ; pstate.B ; pstate.A ;
+----------+----------+----------+----------+----------+----------+----------+----------+----------+----------+----------+
; pstate.A ; 0        ; 0        ; 0        ; 0        ; 0        ; 0        ; 0        ; 0        ; 0        ; 0        ;
; pstate.B ; 0        ; 0        ; 0        ; 0        ; 0        ; 0        ; 0        ; 0        ; 1        ; 1        ;
; pstate.D ; 0        ; 0        ; 0        ; 0        ; 0        ; 0        ; 0        ; 1        ; 0        ; 1        ;
; pstate.C ; 0        ; 0        ; 0        ; 0        ; 0        ; 0        ; 1        ; 0        ; 0        ; 1        ;
; pstate.G ; 0        ; 0        ; 0        ; 0        ; 0        ; 1        ; 0        ; 0        ; 0        ; 1        ;
; pstate.F ; 0        ; 0        ; 0        ; 0        ; 1        ; 0        ; 0        ; 0        ; 0        ; 1        ;
; pstate.E ; 0        ; 0        ; 0        ; 1        ; 0        ; 0        ; 0        ; 0        ; 0        ; 1        ;
; pstate.H ; 0        ; 0        ; 1        ; 0        ; 0        ; 0        ; 0        ; 0        ; 0        ; 1        ;
; pstate.I ; 0        ; 1        ; 0        ; 0        ; 0        ; 0        ; 0        ; 0        ; 0        ; 1        ;
; pstate.J ; 1        ; 0        ; 0        ; 0        ; 0        ; 0        ; 0        ; 0        ; 0        ; 1        ;
+----------+----------+----------+----------+----------+----------+----------+----------+----------+----------+----------+


Encoding Type:  One-Hot
+------------------------------------------------------------------------------------------------------------------------+
; State Machine - |SkeeballFinal|clk50MHzto1Hz:inst13|my_MOD10:div10_6|pstate                                            ;
+----------+----------+----------+----------+----------+----------+----------+----------+----------+----------+----------+
; Name     ; pstate.J ; pstate.I ; pstate.H ; pstate.E ; pstate.F ; pstate.G ; pstate.C ; pstate.D ; pstate.B ; pstate.A ;
+----------+----------+----------+----------+----------+----------+----------+----------+----------+----------+----------+
; pstate.A ; 0        ; 0        ; 0        ; 0        ; 0        ; 0        ; 0        ; 0        ; 0        ; 0        ;
; pstate.B ; 0        ; 0        ; 0        ; 0        ; 0        ; 0        ; 0        ; 0        ; 1        ; 1        ;
; pstate.D ; 0        ; 0        ; 0        ; 0        ; 0        ; 0        ; 0        ; 1        ; 0        ; 1        ;
; pstate.C ; 0        ; 0        ; 0        ; 0        ; 0        ; 0        ; 1        ; 0        ; 0        ; 1        ;
; pstate.G ; 0        ; 0        ; 0        ; 0        ; 0        ; 1        ; 0        ; 0        ; 0        ; 1        ;
; pstate.F ; 0        ; 0        ; 0        ; 0        ; 1        ; 0        ; 0        ; 0        ; 0        ; 1        ;
; pstate.E ; 0        ; 0        ; 0        ; 1        ; 0        ; 0        ; 0        ; 0        ; 0        ; 1        ;
; pstate.H ; 0        ; 0        ; 1        ; 0        ; 0        ; 0        ; 0        ; 0        ; 0        ; 1        ;
; pstate.I ; 0        ; 1        ; 0        ; 0        ; 0        ; 0        ; 0        ; 0        ; 0        ; 1        ;
; pstate.J ; 1        ; 0        ; 0        ; 0        ; 0        ; 0        ; 0        ; 0        ; 0        ; 1        ;
+----------+----------+----------+----------+----------+----------+----------+----------+----------+----------+----------+


Encoding Type:  One-Hot
+------------------------------------------------------------------------------------------------------------------------+
; State Machine - |SkeeballFinal|clk50MHzto1Hz:inst13|my_MOD10:div10_5|pstate                                            ;
+----------+----------+----------+----------+----------+----------+----------+----------+----------+----------+----------+
; Name     ; pstate.J ; pstate.I ; pstate.H ; pstate.E ; pstate.F ; pstate.G ; pstate.C ; pstate.D ; pstate.B ; pstate.A ;
+----------+----------+----------+----------+----------+----------+----------+----------+----------+----------+----------+
; pstate.A ; 0        ; 0        ; 0        ; 0        ; 0        ; 0        ; 0        ; 0        ; 0        ; 0        ;
; pstate.B ; 0        ; 0        ; 0        ; 0        ; 0        ; 0        ; 0        ; 0        ; 1        ; 1        ;
; pstate.D ; 0        ; 0        ; 0        ; 0        ; 0        ; 0        ; 0        ; 1        ; 0        ; 1        ;
; pstate.C ; 0        ; 0        ; 0        ; 0        ; 0        ; 0        ; 1        ; 0        ; 0        ; 1        ;
; pstate.G ; 0        ; 0        ; 0        ; 0        ; 0        ; 1        ; 0        ; 0        ; 0        ; 1        ;
; pstate.F ; 0        ; 0        ; 0        ; 0        ; 1        ; 0        ; 0        ; 0        ; 0        ; 1        ;
; pstate.E ; 0        ; 0        ; 0        ; 1        ; 0        ; 0        ; 0        ; 0        ; 0        ; 1        ;
; pstate.H ; 0        ; 0        ; 1        ; 0        ; 0        ; 0        ; 0        ; 0        ; 0        ; 1        ;
; pstate.I ; 0        ; 1        ; 0        ; 0        ; 0        ; 0        ; 0        ; 0        ; 0        ; 1        ;
; pstate.J ; 1        ; 0        ; 0        ; 0        ; 0        ; 0        ; 0        ; 0        ; 0        ; 1        ;
+----------+----------+----------+----------+----------+----------+----------+----------+----------+----------+----------+


Encoding Type:  One-Hot
+------------------------------------------------------------------------------------------------------------------------+
; State Machine - |SkeeballFinal|clk50MHzto1Hz:inst13|my_MOD10:div10_4|pstate                                            ;
+----------+----------+----------+----------+----------+----------+----------+----------+----------+----------+----------+
; Name     ; pstate.J ; pstate.I ; pstate.H ; pstate.E ; pstate.F ; pstate.G ; pstate.C ; pstate.D ; pstate.B ; pstate.A ;
+----------+----------+----------+----------+----------+----------+----------+----------+----------+----------+----------+
; pstate.A ; 0        ; 0        ; 0        ; 0        ; 0        ; 0        ; 0        ; 0        ; 0        ; 0        ;
; pstate.B ; 0        ; 0        ; 0        ; 0        ; 0        ; 0        ; 0        ; 0        ; 1        ; 1        ;
; pstate.D ; 0        ; 0        ; 0        ; 0        ; 0        ; 0        ; 0        ; 1        ; 0        ; 1        ;
; pstate.C ; 0        ; 0        ; 0        ; 0        ; 0        ; 0        ; 1        ; 0        ; 0        ; 1        ;
; pstate.G ; 0        ; 0        ; 0        ; 0        ; 0        ; 1        ; 0        ; 0        ; 0        ; 1        ;
; pstate.F ; 0        ; 0        ; 0        ; 0        ; 1        ; 0        ; 0        ; 0        ; 0        ; 1        ;
; pstate.E ; 0        ; 0        ; 0        ; 1        ; 0        ; 0        ; 0        ; 0        ; 0        ; 1        ;
; pstate.H ; 0        ; 0        ; 1        ; 0        ; 0        ; 0        ; 0        ; 0        ; 0        ; 1        ;
; pstate.I ; 0        ; 1        ; 0        ; 0        ; 0        ; 0        ; 0        ; 0        ; 0        ; 1        ;
; pstate.J ; 1        ; 0        ; 0        ; 0        ; 0        ; 0        ; 0        ; 0        ; 0        ; 1        ;
+----------+----------+----------+----------+----------+----------+----------+----------+----------+----------+----------+


Encoding Type:  One-Hot
+------------------------------------------------------------------------------------------------------------------------+
; State Machine - |SkeeballFinal|clk50MHzto1Hz:inst13|my_MOD10:div10_3|pstate                                            ;
+----------+----------+----------+----------+----------+----------+----------+----------+----------+----------+----------+
; Name     ; pstate.J ; pstate.I ; pstate.H ; pstate.E ; pstate.F ; pstate.G ; pstate.C ; pstate.D ; pstate.B ; pstate.A ;
+----------+----------+----------+----------+----------+----------+----------+----------+----------+----------+----------+
; pstate.A ; 0        ; 0        ; 0        ; 0        ; 0        ; 0        ; 0        ; 0        ; 0        ; 0        ;
; pstate.B ; 0        ; 0        ; 0        ; 0        ; 0        ; 0        ; 0        ; 0        ; 1        ; 1        ;
; pstate.D ; 0        ; 0        ; 0        ; 0        ; 0        ; 0        ; 0        ; 1        ; 0        ; 1        ;
; pstate.C ; 0        ; 0        ; 0        ; 0        ; 0        ; 0        ; 1        ; 0        ; 0        ; 1        ;
; pstate.G ; 0        ; 0        ; 0        ; 0        ; 0        ; 1        ; 0        ; 0        ; 0        ; 1        ;
; pstate.F ; 0        ; 0        ; 0        ; 0        ; 1        ; 0        ; 0        ; 0        ; 0        ; 1        ;
; pstate.E ; 0        ; 0        ; 0        ; 1        ; 0        ; 0        ; 0        ; 0        ; 0        ; 1        ;
; pstate.H ; 0        ; 0        ; 1        ; 0        ; 0        ; 0        ; 0        ; 0        ; 0        ; 1        ;
; pstate.I ; 0        ; 1        ; 0        ; 0        ; 0        ; 0        ; 0        ; 0        ; 0        ; 1        ;
; pstate.J ; 1        ; 0        ; 0        ; 0        ; 0        ; 0        ; 0        ; 0        ; 0        ; 1        ;
+----------+----------+----------+----------+----------+----------+----------+----------+----------+----------+----------+


Encoding Type:  One-Hot
+------------------------------------------------------------------------------------------------------------------------+
; State Machine - |SkeeballFinal|clk50MHzto1Hz:inst13|my_MOD10:div10_2|pstate                                            ;
+----------+----------+----------+----------+----------+----------+----------+----------+----------+----------+----------+
; Name     ; pstate.J ; pstate.I ; pstate.H ; pstate.E ; pstate.F ; pstate.G ; pstate.C ; pstate.D ; pstate.B ; pstate.A ;
+----------+----------+----------+----------+----------+----------+----------+----------+----------+----------+----------+
; pstate.A ; 0        ; 0        ; 0        ; 0        ; 0        ; 0        ; 0        ; 0        ; 0        ; 0        ;
; pstate.B ; 0        ; 0        ; 0        ; 0        ; 0        ; 0        ; 0        ; 0        ; 1        ; 1        ;
; pstate.D ; 0        ; 0        ; 0        ; 0        ; 0        ; 0        ; 0        ; 1        ; 0        ; 1        ;
; pstate.C ; 0        ; 0        ; 0        ; 0        ; 0        ; 0        ; 1        ; 0        ; 0        ; 1        ;
; pstate.G ; 0        ; 0        ; 0        ; 0        ; 0        ; 1        ; 0        ; 0        ; 0        ; 1        ;
; pstate.F ; 0        ; 0        ; 0        ; 0        ; 1        ; 0        ; 0        ; 0        ; 0        ; 1        ;
; pstate.E ; 0        ; 0        ; 0        ; 1        ; 0        ; 0        ; 0        ; 0        ; 0        ; 1        ;
; pstate.H ; 0        ; 0        ; 1        ; 0        ; 0        ; 0        ; 0        ; 0        ; 0        ; 1        ;
; pstate.I ; 0        ; 1        ; 0        ; 0        ; 0        ; 0        ; 0        ; 0        ; 0        ; 1        ;
; pstate.J ; 1        ; 0        ; 0        ; 0        ; 0        ; 0        ; 0        ; 0        ; 0        ; 1        ;
+----------+----------+----------+----------+----------+----------+----------+----------+----------+----------+----------+


Encoding Type:  One-Hot
+------------------------------------------------------------------------------------------------------------------------+
; State Machine - |SkeeballFinal|clk50MHzto1Hz:inst13|my_MOD10:div10_1|pstate                                            ;
+----------+----------+----------+----------+----------+----------+----------+----------+----------+----------+----------+
; Name     ; pstate.J ; pstate.I ; pstate.H ; pstate.E ; pstate.F ; pstate.G ; pstate.C ; pstate.D ; pstate.B ; pstate.A ;
+----------+----------+----------+----------+----------+----------+----------+----------+----------+----------+----------+
; pstate.A ; 0        ; 0        ; 0        ; 0        ; 0        ; 0        ; 0        ; 0        ; 0        ; 0        ;
; pstate.B ; 0        ; 0        ; 0        ; 0        ; 0        ; 0        ; 0        ; 0        ; 1        ; 1        ;
; pstate.D ; 0        ; 0        ; 0        ; 0        ; 0        ; 0        ; 0        ; 1        ; 0        ; 1        ;
; pstate.C ; 0        ; 0        ; 0        ; 0        ; 0        ; 0        ; 1        ; 0        ; 0        ; 1        ;
; pstate.G ; 0        ; 0        ; 0        ; 0        ; 0        ; 1        ; 0        ; 0        ; 0        ; 1        ;
; pstate.F ; 0        ; 0        ; 0        ; 0        ; 1        ; 0        ; 0        ; 0        ; 0        ; 1        ;
; pstate.E ; 0        ; 0        ; 0        ; 1        ; 0        ; 0        ; 0        ; 0        ; 0        ; 1        ;
; pstate.H ; 0        ; 0        ; 1        ; 0        ; 0        ; 0        ; 0        ; 0        ; 0        ; 1        ;
; pstate.I ; 0        ; 1        ; 0        ; 0        ; 0        ; 0        ; 0        ; 0        ; 0        ; 1        ;
; pstate.J ; 1        ; 0        ; 0        ; 0        ; 0        ; 0        ; 0        ; 0        ; 0        ; 1        ;
+----------+----------+----------+----------+----------+----------+----------+----------+----------+----------+----------+


Encoding Type:  One-Hot
+---------------------------------------------------------------------------+
; State Machine - |SkeeballFinal|clk50MHzto1Hz:inst13|my_MOD5:div5_1|pstate ;
+----------+----------+----------+----------+----------+--------------------+
; Name     ; pstate.C ; pstate.D ; pstate.B ; pstate.A ; pstate.E           ;
+----------+----------+----------+----------+----------+--------------------+
; pstate.A ; 0        ; 0        ; 0        ; 0        ; 0                  ;
; pstate.B ; 0        ; 0        ; 1        ; 1        ; 0                  ;
; pstate.D ; 0        ; 1        ; 0        ; 1        ; 0                  ;
; pstate.C ; 1        ; 0        ; 0        ; 1        ; 0                  ;
; pstate.E ; 0        ; 0        ; 0        ; 1        ; 1                  ;
+----------+----------+----------+----------+----------+--------------------+


Encoding Type:  One-Hot
+--------------------------------------------------------------------------------------------------------+
; State Machine - |SkeeballFinal|highforfive:inst14|myCount5:countforfive|laststate                      ;
+--------------+--------------+--------------+--------------+--------------+--------------+--------------+
; Name         ; laststate.s5 ; laststate.s4 ; laststate.s3 ; laststate.s2 ; laststate.s1 ; laststate.s0 ;
+--------------+--------------+--------------+--------------+--------------+--------------+--------------+
; laststate.s0 ; 0            ; 0            ; 0            ; 0            ; 0            ; 0            ;
; laststate.s1 ; 0            ; 0            ; 0            ; 0            ; 1            ; 1            ;
; laststate.s2 ; 0            ; 0            ; 0            ; 1            ; 0            ; 1            ;
; laststate.s3 ; 0            ; 0            ; 1            ; 0            ; 0            ; 1            ;
; laststate.s4 ; 0            ; 1            ; 0            ; 0            ; 0            ; 1            ;
; laststate.s5 ; 1            ; 0            ; 0            ; 0            ; 0            ; 1            ;
+--------------+--------------+--------------+--------------+--------------+--------------+--------------+


Encoding Type:  One-Hot
+-----------------------------------------------------------------------------------+
; State Machine - |SkeeballFinal|highforfive:inst14|myCount5:countforfive|pstate    ;
+-----------+-----------+-----------+-----------+-----------+-----------+-----------+
; Name      ; pstate.s5 ; pstate.s4 ; pstate.s3 ; pstate.s2 ; pstate.s1 ; pstate.s0 ;
+-----------+-----------+-----------+-----------+-----------+-----------+-----------+
; pstate.s0 ; 0         ; 0         ; 0         ; 0         ; 0         ; 0         ;
; pstate.s1 ; 0         ; 0         ; 0         ; 0         ; 1         ; 1         ;
; pstate.s2 ; 0         ; 0         ; 0         ; 1         ; 0         ; 1         ;
; pstate.s3 ; 0         ; 0         ; 1         ; 0         ; 0         ; 1         ;
; pstate.s4 ; 0         ; 1         ; 0         ; 0         ; 0         ; 1         ;
; pstate.s5 ; 1         ; 0         ; 0         ; 0         ; 0         ; 1         ;
+-----------+-----------+-----------+-----------+-----------+-----------+-----------+


+----------------------------------------------------------------------------+
; Registers Removed During Synthesis                                         ;
+-------------------------------------------------------+--------------------+
; Register name                                         ; Reason for Removal ;
+-------------------------------------------------------+--------------------+
; highforfive:inst15|myCount5:countforfive|laststate.s0 ; Lost fanout        ;
; highforfive:inst15|myCount5:countforfive|laststate.s1 ; Lost fanout        ;
; highforfive:inst15|myCount5:countforfive|laststate.s2 ; Lost fanout        ;
; highforfive:inst15|myCount5:countforfive|laststate.s3 ; Lost fanout        ;
; highforfive:inst15|myCount5:countforfive|laststate.s4 ; Lost fanout        ;
; highforfive:inst14|myCount5:countforfive|laststate.s0 ; Lost fanout        ;
; highforfive:inst14|myCount5:countforfive|laststate.s1 ; Lost fanout        ;
; highforfive:inst14|myCount5:countforfive|laststate.s2 ; Lost fanout        ;
; highforfive:inst14|myCount5:countforfive|laststate.s3 ; Lost fanout        ;
; highforfive:inst14|myCount5:countforfive|laststate.s4 ; Lost fanout        ;
; highforfive:inst15|myCount5:countforfive|laststate~4  ; Lost fanout        ;
; highforfive:inst15|myCount5:countforfive|laststate~5  ; Lost fanout        ;
; highforfive:inst15|myCount5:countforfive|laststate~6  ; Lost fanout        ;
; highforfive:inst15|myCount5:countforfive|laststate~7  ; Lost fanout        ;
; highforfive:inst15|myCount5:countforfive|pstate~4     ; Lost fanout        ;
; highforfive:inst15|myCount5:countforfive|pstate~5     ; Lost fanout        ;
; highforfive:inst15|myCount5:countforfive|pstate~6     ; Lost fanout        ;
; highforfive:inst15|myCount5:countforfive|pstate~7     ; Lost fanout        ;
; clk50MHzto1Hz:inst13|my_MOD10:div10_7|pstate~4        ; Lost fanout        ;
; clk50MHzto1Hz:inst13|my_MOD10:div10_7|pstate~5        ; Lost fanout        ;
; clk50MHzto1Hz:inst13|my_MOD10:div10_7|pstate~6        ; Lost fanout        ;
; clk50MHzto1Hz:inst13|my_MOD10:div10_7|pstate~7        ; Lost fanout        ;
; clk50MHzto1Hz:inst13|my_MOD10:div10_6|pstate~4        ; Lost fanout        ;
; clk50MHzto1Hz:inst13|my_MOD10:div10_6|pstate~5        ; Lost fanout        ;
; clk50MHzto1Hz:inst13|my_MOD10:div10_6|pstate~6        ; Lost fanout        ;
; clk50MHzto1Hz:inst13|my_MOD10:div10_6|pstate~7        ; Lost fanout        ;
; clk50MHzto1Hz:inst13|my_MOD10:div10_5|pstate~4        ; Lost fanout        ;
; clk50MHzto1Hz:inst13|my_MOD10:div10_5|pstate~5        ; Lost fanout        ;
; clk50MHzto1Hz:inst13|my_MOD10:div10_5|pstate~6        ; Lost fanout        ;
; clk50MHzto1Hz:inst13|my_MOD10:div10_5|pstate~7        ; Lost fanout        ;
; clk50MHzto1Hz:inst13|my_MOD10:div10_4|pstate~4        ; Lost fanout        ;
; clk50MHzto1Hz:inst13|my_MOD10:div10_4|pstate~5        ; Lost fanout        ;
; clk50MHzto1Hz:inst13|my_MOD10:div10_4|pstate~6        ; Lost fanout        ;
; clk50MHzto1Hz:inst13|my_MOD10:div10_4|pstate~7        ; Lost fanout        ;
; clk50MHzto1Hz:inst13|my_MOD10:div10_3|pstate~4        ; Lost fanout        ;
; clk50MHzto1Hz:inst13|my_MOD10:div10_3|pstate~5        ; Lost fanout        ;
; clk50MHzto1Hz:inst13|my_MOD10:div10_3|pstate~6        ; Lost fanout        ;
; clk50MHzto1Hz:inst13|my_MOD10:div10_3|pstate~7        ; Lost fanout        ;
; clk50MHzto1Hz:inst13|my_MOD10:div10_2|pstate~4        ; Lost fanout        ;
; clk50MHzto1Hz:inst13|my_MOD10:div10_2|pstate~5        ; Lost fanout        ;
; clk50MHzto1Hz:inst13|my_MOD10:div10_2|pstate~6        ; Lost fanout        ;
; clk50MHzto1Hz:inst13|my_MOD10:div10_2|pstate~7        ; Lost fanout        ;
; clk50MHzto1Hz:inst13|my_MOD10:div10_1|pstate~4        ; Lost fanout        ;
; clk50MHzto1Hz:inst13|my_MOD10:div10_1|pstate~5        ; Lost fanout        ;
; clk50MHzto1Hz:inst13|my_MOD10:div10_1|pstate~6        ; Lost fanout        ;
; clk50MHzto1Hz:inst13|my_MOD10:div10_1|pstate~7        ; Lost fanout        ;
; clk50MHzto1Hz:inst13|my_MOD5:div5_1|pstate~4          ; Lost fanout        ;
; clk50MHzto1Hz:inst13|my_MOD5:div5_1|pstate~5          ; Lost fanout        ;
; clk50MHzto1Hz:inst13|my_MOD5:div5_1|pstate~7          ; Lost fanout        ;
; highforfive:inst14|myCount5:countforfive|laststate~4  ; Lost fanout        ;
; highforfive:inst14|myCount5:countforfive|laststate~5  ; Lost fanout        ;
; highforfive:inst14|myCount5:countforfive|laststate~6  ; Lost fanout        ;
; highforfive:inst14|myCount5:countforfive|laststate~7  ; Lost fanout        ;
; highforfive:inst14|myCount5:countforfive|pstate~4     ; Lost fanout        ;
; highforfive:inst14|myCount5:countforfive|pstate~5     ; Lost fanout        ;
; highforfive:inst14|myCount5:countforfive|pstate~6     ; Lost fanout        ;
; highforfive:inst14|myCount5:countforfive|pstate~7     ; Lost fanout        ;
; Total Number of Removed Registers = 57                ;                    ;
+-------------------------------------------------------+--------------------+


+------------------------------------------------------+
; General Register Statistics                          ;
+----------------------------------------------+-------+
; Statistic                                    ; Value ;
+----------------------------------------------+-------+
; Total registers                              ; 102   ;
; Number of registers using Synchronous Clear  ; 0     ;
; Number of registers using Synchronous Load   ; 0     ;
; Number of registers using Asynchronous Clear ; 16    ;
; Number of registers using Asynchronous Load  ; 0     ;
; Number of registers using Clock Enable       ; 0     ;
; Number of registers using Preset             ; 0     ;
+----------------------------------------------+-------+


+--------------------------------------------------+
; Inverted Register Statistics                     ;
+----------------------------------------+---------+
; Inverted Register                      ; Fan out ;
+----------------------------------------+---------+
; highforfive:inst15|isHigh              ; 1       ;
; highforfive:inst14|isHigh              ; 1       ;
; Total number of inverted registers = 2 ;         ;
+----------------------------------------+---------+


+---------------------------------------------------------------------------------------+
; Parameter Settings for User Entity Instance: highforfive:inst14|myCount5:countforfive ;
+----------------+-------+--------------------------------------------------------------+
; Parameter Name ; Value ; Type                                                         ;
+----------------+-------+--------------------------------------------------------------+
; s0             ; 0000  ; Unsigned Binary                                              ;
; s1             ; 0001  ; Unsigned Binary                                              ;
; s2             ; 0010  ; Unsigned Binary                                              ;
; s3             ; 0011  ; Unsigned Binary                                              ;
; s4             ; 0100  ; Unsigned Binary                                              ;
; s5             ; 0101  ; Unsigned Binary                                              ;
+----------------+-------+--------------------------------------------------------------+
Note: In order to hide this table in the UI and the text report file, please set the "Show Parameter Settings in Synthesis Report" option in "Analysis and Synthesis Settings -> More Settings" to "Off".


+----------------------------------------------------------------------------------+
; Parameter Settings for User Entity Instance: clk50MHzto1Hz:inst13|my_MOD5:div5_1 ;
+----------------+-------+---------------------------------------------------------+
; Parameter Name ; Value ; Type                                                    ;
+----------------+-------+---------------------------------------------------------+
; A              ; 0000  ; Unsigned Binary                                         ;
; B              ; 0001  ; Unsigned Binary                                         ;
; C              ; 0011  ; Unsigned Binary                                         ;
; D              ; 0010  ; Unsigned Binary                                         ;
; E              ; 0110  ; Unsigned Binary                                         ;
+----------------+-------+---------------------------------------------------------+
Note: In order to hide this table in the UI and the text report file, please set the "Show Parameter Settings in Synthesis Report" option in "Analysis and Synthesis Settings -> More Settings" to "Off".


+------------------------------------------------------------------------------------+
; Parameter Settings for User Entity Instance: clk50MHzto1Hz:inst13|my_MOD10:div10_1 ;
+----------------+-------+-----------------------------------------------------------+
; Parameter Name ; Value ; Type                                                      ;
+----------------+-------+-----------------------------------------------------------+
; A              ; 0000  ; Unsigned Binary                                           ;
; B              ; 0001  ; Unsigned Binary                                           ;
; C              ; 0011  ; Unsigned Binary                                           ;
; D              ; 0010  ; Unsigned Binary                                           ;
; E              ; 0110  ; Unsigned Binary                                           ;
; F              ; 0101  ; Unsigned Binary                                           ;
; G              ; 0100  ; Unsigned Binary                                           ;
; H              ; 1100  ; Unsigned Binary                                           ;
; I              ; 1101  ; Unsigned Binary                                           ;
; J              ; 1111  ; Unsigned Binary                                           ;
+----------------+-------+-----------------------------------------------------------+
Note: In order to hide this table in the UI and the text report file, please set the "Show Parameter Settings in Synthesis Report" option in "Analysis and Synthesis Settings -> More Settings" to "Off".


+------------------------------------------------------------------------------------+
; Parameter Settings for User Entity Instance: clk50MHzto1Hz:inst13|my_MOD10:div10_2 ;
+----------------+-------+-----------------------------------------------------------+
; Parameter Name ; Value ; Type                                                      ;
+----------------+-------+-----------------------------------------------------------+
; A              ; 0000  ; Unsigned Binary                                           ;
; B              ; 0001  ; Unsigned Binary                                           ;
; C              ; 0011  ; Unsigned Binary                                           ;
; D              ; 0010  ; Unsigned Binary                                           ;
; E              ; 0110  ; Unsigned Binary                                           ;
; F              ; 0101  ; Unsigned Binary                                           ;
; G              ; 0100  ; Unsigned Binary                                           ;
; H              ; 1100  ; Unsigned Binary                                           ;
; I              ; 1101  ; Unsigned Binary                                           ;
; J              ; 1111  ; Unsigned Binary                                           ;
+----------------+-------+-----------------------------------------------------------+
Note: In order to hide this table in the UI and the text report file, please set the "Show Parameter Settings in Synthesis Report" option in "Analysis and Synthesis Settings -> More Settings" to "Off".


+------------------------------------------------------------------------------------+
; Parameter Settings for User Entity Instance: clk50MHzto1Hz:inst13|my_MOD10:div10_3 ;
+----------------+-------+-----------------------------------------------------------+
; Parameter Name ; Value ; Type                                                      ;
+----------------+-------+-----------------------------------------------------------+
; A              ; 0000  ; Unsigned Binary                                           ;
; B              ; 0001  ; Unsigned Binary                                           ;
; C              ; 0011  ; Unsigned Binary                                           ;
; D              ; 0010  ; Unsigned Binary                                           ;
; E              ; 0110  ; Unsigned Binary                                           ;
; F              ; 0101  ; Unsigned Binary                                           ;
; G              ; 0100  ; Unsigned Binary                                           ;
; H              ; 1100  ; Unsigned Binary                                           ;
; I              ; 1101  ; Unsigned Binary                                           ;
; J              ; 1111  ; Unsigned Binary                                           ;
+----------------+-------+-----------------------------------------------------------+
Note: In order to hide this table in the UI and the text report file, please set the "Show Parameter Settings in Synthesis Report" option in "Analysis and Synthesis Settings -> More Settings" to "Off".


+------------------------------------------------------------------------------------+
; Parameter Settings for User Entity Instance: clk50MHzto1Hz:inst13|my_MOD10:div10_4 ;
+----------------+-------+-----------------------------------------------------------+
; Parameter Name ; Value ; Type                                                      ;
+----------------+-------+-----------------------------------------------------------+
; A              ; 0000  ; Unsigned Binary                                           ;
; B              ; 0001  ; Unsigned Binary                                           ;
; C              ; 0011  ; Unsigned Binary                                           ;
; D              ; 0010  ; Unsigned Binary                                           ;
; E              ; 0110  ; Unsigned Binary                                           ;
; F              ; 0101  ; Unsigned Binary                                           ;
; G              ; 0100  ; Unsigned Binary                                           ;
; H              ; 1100  ; Unsigned Binary                                           ;
; I              ; 1101  ; Unsigned Binary                                           ;
; J              ; 1111  ; Unsigned Binary                                           ;
+----------------+-------+-----------------------------------------------------------+
Note: In order to hide this table in the UI and the text report file, please set the "Show Parameter Settings in Synthesis Report" option in "Analysis and Synthesis Settings -> More Settings" to "Off".


+------------------------------------------------------------------------------------+
; Parameter Settings for User Entity Instance: clk50MHzto1Hz:inst13|my_MOD10:div10_5 ;
+----------------+-------+-----------------------------------------------------------+
; Parameter Name ; Value ; Type                                                      ;
+----------------+-------+-----------------------------------------------------------+
; A              ; 0000  ; Unsigned Binary                                           ;
; B              ; 0001  ; Unsigned Binary                                           ;
; C              ; 0011  ; Unsigned Binary                                           ;
; D              ; 0010  ; Unsigned Binary                                           ;
; E              ; 0110  ; Unsigned Binary                                           ;
; F              ; 0101  ; Unsigned Binary                                           ;
; G              ; 0100  ; Unsigned Binary                                           ;
; H              ; 1100  ; Unsigned Binary                                           ;
; I              ; 1101  ; Unsigned Binary                                           ;
; J              ; 1111  ; Unsigned Binary                                           ;
+----------------+-------+-----------------------------------------------------------+
Note: In order to hide this table in the UI and the text report file, please set the "Show Parameter Settings in Synthesis Report" option in "Analysis and Synthesis Settings -> More Settings" to "Off".


+------------------------------------------------------------------------------------+
; Parameter Settings for User Entity Instance: clk50MHzto1Hz:inst13|my_MOD10:div10_6 ;
+----------------+-------+-----------------------------------------------------------+
; Parameter Name ; Value ; Type                                                      ;
+----------------+-------+-----------------------------------------------------------+
; A              ; 0000  ; Unsigned Binary                                           ;
; B              ; 0001  ; Unsigned Binary                                           ;
; C              ; 0011  ; Unsigned Binary                                           ;
; D              ; 0010  ; Unsigned Binary                                           ;
; E              ; 0110  ; Unsigned Binary                                           ;
; F              ; 0101  ; Unsigned Binary                                           ;
; G              ; 0100  ; Unsigned Binary                                           ;
; H              ; 1100  ; Unsigned Binary                                           ;
; I              ; 1101  ; Unsigned Binary                                           ;
; J              ; 1111  ; Unsigned Binary                                           ;
+----------------+-------+-----------------------------------------------------------+
Note: In order to hide this table in the UI and the text report file, please set the "Show Parameter Settings in Synthesis Report" option in "Analysis and Synthesis Settings -> More Settings" to "Off".


+------------------------------------------------------------------------------------+
; Parameter Settings for User Entity Instance: clk50MHzto1Hz:inst13|my_MOD10:div10_7 ;
+----------------+-------+-----------------------------------------------------------+
; Parameter Name ; Value ; Type                                                      ;
+----------------+-------+-----------------------------------------------------------+
; A              ; 0000  ; Unsigned Binary                                           ;
; B              ; 0001  ; Unsigned Binary                                           ;
; C              ; 0011  ; Unsigned Binary                                           ;
; D              ; 0010  ; Unsigned Binary                                           ;
; E              ; 0110  ; Unsigned Binary                                           ;
; F              ; 0101  ; Unsigned Binary                                           ;
; G              ; 0100  ; Unsigned Binary                                           ;
; H              ; 1100  ; Unsigned Binary                                           ;
; I              ; 1101  ; Unsigned Binary                                           ;
; J              ; 1111  ; Unsigned Binary                                           ;
+----------------+-------+-----------------------------------------------------------+
Note: In order to hide this table in the UI and the text report file, please set the "Show Parameter Settings in Synthesis Report" option in "Analysis and Synthesis Settings -> More Settings" to "Off".


+---------------------------------------------------------------------------------------+
; Parameter Settings for User Entity Instance: highforfive:inst15|myCount5:countforfive ;
+----------------+-------+--------------------------------------------------------------+
; Parameter Name ; Value ; Type                                                         ;
+----------------+-------+--------------------------------------------------------------+
; s0             ; 0000  ; Unsigned Binary                                              ;
; s1             ; 0001  ; Unsigned Binary                                              ;
; s2             ; 0010  ; Unsigned Binary                                              ;
; s3             ; 0011  ; Unsigned Binary                                              ;
; s4             ; 0100  ; Unsigned Binary                                              ;
; s5             ; 0101  ; Unsigned Binary                                              ;
+----------------+-------+--------------------------------------------------------------+
Note: In order to hide this table in the UI and the text report file, please set the "Show Parameter Settings in Synthesis Report" option in "Analysis and Synthesis Settings -> More Settings" to "Off".


+-------------------------------------------------------------------+
; Parameter Settings for User Entity Instance: skeeballBalls:inst10 ;
+----------------+-----------+--------------------------------------+
; Parameter Name ; Value     ; Type                                 ;
+----------------+-----------+--------------------------------------+
; balls9         ; 111111111 ; Unsigned Binary                      ;
; balls8         ; 011111111 ; Unsigned Binary                      ;
; balls7         ; 001111111 ; Unsigned Binary                      ;
; balls6         ; 000111111 ; Unsigned Binary                      ;
; balls5         ; 000011111 ; Unsigned Binary                      ;
; balls4         ; 000001111 ; Unsigned Binary                      ;
; balls3         ; 000000111 ; Unsigned Binary                      ;
; balls2         ; 000000011 ; Unsigned Binary                      ;
; balls1         ; 000000001 ; Unsigned Binary                      ;
; balls0         ; 000000000 ; Unsigned Binary                      ;
+----------------+-----------+--------------------------------------+
Note: In order to hide this table in the UI and the text report file, please set the "Show Parameter Settings in Synthesis Report" option in "Analysis and Synthesis Settings -> More Settings" to "Off".


+-----------------------------------------------------+
; Post-Synthesis Netlist Statistics for Top Partition ;
+-----------------------+-----------------------------+
; Type                  ; Count                       ;
+-----------------------+-----------------------------+
; arriav_ff             ; 102                         ;
;     CLR               ; 16                          ;
;     plain             ; 86                          ;
; arriav_lcell_comb     ; 59                          ;
;     normal            ; 59                          ;
;         1 data inputs ; 21                          ;
;         2 data inputs ; 13                          ;
;         3 data inputs ; 2                           ;
;         4 data inputs ; 6                           ;
;         5 data inputs ; 5                           ;
;         6 data inputs ; 12                          ;
; boundary_port         ; 24                          ;
;                       ;                             ;
; Max LUT depth         ; 2.00                        ;
; Average LUT depth     ; 0.91                        ;
+-----------------------+-----------------------------+


+-------------------------------+
; Elapsed Time Per Partition    ;
+----------------+--------------+
; Partition Name ; Elapsed Time ;
+----------------+--------------+
; Top            ; 00:00:00     ;
+----------------+--------------+


+-------------------------------+
; Analysis & Synthesis Messages ;
+-------------------------------+
Info: *******************************************************************
Info: Running Quartus Prime Analysis & Synthesis
    Info: Version 21.1.1 Build 850 06/23/2022 SJ Standard Edition
    Info: Processing started: Wed Mar 22 16:32:24 2023
Info: Command: quartus_map --read_settings_files=on --write_settings_files=off SkeeballFinal -c SkeeballFinal
Warning (18236): Number of processors has not been specified which may cause overloading on shared machines.  Set the global assignment NUM_PARALLEL_PROCESSORS in your QSF to an appropriate value for best performance.
Info (20030): Parallel compilation is enabled and will use 4 of the 4 processors detected
Info (12021): Found 2 design units, including 2 entities, in source file skeeballstate.v
    Info (12023): Found entity 1: skeeballState File: C:/Users/brhinman20/Documents/GitHub/SkeeballFinal/skeeballState.v Line: 5
    Info (12023): Found entity 2: skeeballStateDecode File: C:/Users/brhinman20/Documents/GitHub/SkeeballFinal/skeeballState.v Line: 22
Info (12021): Found 1 design units, including 1 entities, in source file skeeballdisplay.v
    Info (12023): Found entity 1: skeeballDisplay File: C:/Users/brhinman20/Documents/GitHub/SkeeballFinal/skeeballDisplay.v Line: 5
Info (12021): Found 1 design units, including 1 entities, in source file skeeballscore.v
    Info (12023): Found entity 1: skeeballScore File: C:/Users/brhinman20/Documents/GitHub/SkeeballFinal/skeeballScore.v Line: 5
Info (12021): Found 1 design units, including 1 entities, in source file skeeballfinal.bdf
    Info (12023): Found entity 1: SkeeballFinal
Info (12021): Found 1 design units, including 1 entities, in source file testfiles.v
    Info (12023): Found entity 1: testEdge File: C:/Users/brhinman20/Documents/GitHub/SkeeballFinal/testFiles.v Line: 5
Info (12021): Found 1 design units, including 1 entities, in source file skeeballballs.v
    Info (12023): Found entity 1: skeeballBalls File: C:/Users/brhinman20/Documents/GitHub/SkeeballFinal/skeeballBalls.v Line: 5
Info (12021): Found 6 design units, including 6 entities, in source file skeeballtimers.v
    Info (12023): Found entity 1: highforfive File: C:/Users/brhinman20/Documents/GitHub/SkeeballFinal/skeeballTimers.v Line: 5
    Info (12023): Found entity 2: myCount5 File: C:/Users/brhinman20/Documents/GitHub/SkeeballFinal/skeeballTimers.v Line: 31
    Info (12023): Found entity 3: clk50MHzto1Hz File: C:/Users/brhinman20/Documents/GitHub/SkeeballFinal/skeeballTimers.v Line: 77
    Info (12023): Found entity 4: clk50MHzto10Hz File: C:/Users/brhinman20/Documents/GitHub/SkeeballFinal/skeeballTimers.v Line: 95
    Info (12023): Found entity 5: my_MOD10 File: C:/Users/brhinman20/Documents/GitHub/SkeeballFinal/skeeballTimers.v Line: 112
    Info (12023): Found entity 6: my_MOD5 File: C:/Users/brhinman20/Documents/GitHub/SkeeballFinal/skeeballTimers.v Line: 157
Warning (10236): Verilog HDL Implicit Net warning at skeeballTimers.v(14): created implicit net for "Reset" File: C:/Users/brhinman20/Documents/GitHub/SkeeballFinal/skeeballTimers.v Line: 14
Info (12127): Elaborating entity "SkeeballFinal" for the top level hierarchy
Info (12128): Elaborating entity "skeeballStateDecode" for hierarchy "skeeballStateDecode:inst11"
Info (12128): Elaborating entity "skeeballState" for hierarchy "skeeballState:inst12"
Info (12128): Elaborating entity "highforfive" for hierarchy "highforfive:inst14"
Warning (10036): Verilog HDL or VHDL warning at skeeballTimers.v(14): object "Reset" assigned a value but never read File: C:/Users/brhinman20/Documents/GitHub/SkeeballFinal/skeeballTimers.v Line: 14
Info (12128): Elaborating entity "myCount5" for hierarchy "highforfive:inst14|myCount5:countforfive" File: C:/Users/brhinman20/Documents/GitHub/SkeeballFinal/skeeballTimers.v Line: 24
Info (12128): Elaborating entity "clk50MHzto1Hz" for hierarchy "clk50MHzto1Hz:inst13"
Info (12128): Elaborating entity "my_MOD5" for hierarchy "clk50MHzto1Hz:inst13|my_MOD5:div5_1" File: C:/Users/brhinman20/Documents/GitHub/SkeeballFinal/skeeballTimers.v Line: 83
Info (12128): Elaborating entity "my_MOD10" for hierarchy "clk50MHzto1Hz:inst13|my_MOD10:div10_1" File: C:/Users/brhinman20/Documents/GitHub/SkeeballFinal/skeeballTimers.v Line: 84
Info (12128): Elaborating entity "skeeballBalls" for hierarchy "skeeballBalls:inst10"
Info (286030): Timing-Driven Synthesis is running
Info (17049): 57 registers lost all their fanouts during netlist optimizations.
Info (16010): Generating hard_block partition "hard_block:auto_generated_inst"
    Info (16011): Adding 0 node(s), including 0 DDIO, 0 PLL, 0 transceiver and 0 LCELL
Info (21057): Implemented 154 device resources after synthesis - the final resource count might be different
    Info (21058): Implemented 9 input pins
    Info (21059): Implemented 15 output pins
    Info (21061): Implemented 130 logic cells
Info: Quartus Prime Analysis & Synthesis was successful. 0 errors, 3 warnings
    Info: Peak virtual memory: 4842 megabytes
    Info: Processing ended: Wed Mar 22 16:32:35 2023
    Info: Elapsed time: 00:00:11
    Info: Total CPU time (on all processors): 00:00:20


